0 info it worked if it ends with ok
1 verbose cli [
1 verbose cli   'C:\\Program Files\\nodejs\\node.exe',
1 verbose cli   'C:\\Users\\Nikita Jain\\AppData\\Roaming\\npm\\node_modules\\npm\\bin\\npm-cli.js',
1 verbose cli   'i',
1 verbose cli   '@material-ui'
1 verbose cli ]
2 info using npm@3.10.10
3 info using node@v12.16.2
4 silly loadCurrentTree Starting
5 silly install loadCurrentTree
6 silly install readLocalPackageData
7 silly fetchPackageMetaData @material-ui
8 silly fetchOtherPackageData @material-ui
9 silly cache add args [ '@material-ui', null ]
10 verbose cache add spec @material-ui
11 silly cache add parsed spec Result {
11 silly cache add   raw: '@material-ui',
11 silly cache add   scope: null,
11 silly cache add   escapedName: null,
11 silly cache add   name: null,
11 silly cache add   rawSpec: '@material-ui',
11 silly cache add   spec: 'F:\\QDine-In\\@material-ui',
11 silly cache add   type: 'local'
11 silly cache add }
12 error addLocal Could not install F:\QDine-In\@material-ui
13 silly fetchPackageMetaData Error: ENOENT: no such file or directory, open 'F:\QDine-In\@material-ui'
13 silly fetchPackageMetaData  error for @material-ui [Error: ENOENT: no such file or directory, open 'F:\QDine-In\@material-ui'] {
13 silly fetchPackageMetaData   errno: -4058,
13 silly fetchPackageMetaData   code: 'ENOENT',
13 silly fetchPackageMetaData   syscall: 'open',
13 silly fetchPackageMetaData   path: 'F:\\QDine-In\\@material-ui'
13 silly fetchPackageMetaData }
14 silly rollbackFailedOptional Starting
15 silly rollbackFailedOptional Finishing
16 silly runTopLevelLifecycles Finishing
17 silly install printInstalled
18 verbose stack Error: ENOENT: no such file or directory, open 'F:\QDine-In\@material-ui'
19 verbose cwd F:\QDine-In
20 error Windows_NT 10.0.18363
21 error argv "C:\\Program Files\\nodejs\\node.exe" "C:\\Users\\Nikita Jain\\AppData\\Roaming\\npm\\node_modules\\npm\\bin\\npm-cli.js" "i" "@material-ui"
22 error node v12.16.2
23 error npm  v3.10.10
24 error path F:\QDine-In\@material-ui
25 error code ENOENT
26 error errno -4058
27 error syscall open
28 error enoent ENOENT: no such file or directory, open 'F:\QDine-In\@material-ui'
29 error enoent ENOENT: no such file or directory, open 'F:\QDine-In\@material-ui'
29 error enoent This is most likely not a problem with npm itself
29 error enoent and is related to npm not being able to find a file.
30 verbose exit [ -4058, true ]
